<?xml version="1.0" encoding="UTF-8"?>
<!-- Generated by org.testng.reporters.JUnitReportReporter -->
<testsuite hostname="SurendraSruthi" failures="0" tests="1" name="test.TestCase1" time="19.268" errors="0" timestamp="2021-01-21T15:19:53 IST" skipped="0">
  <testcase classname="test.TestCase1" name="search" time="19.268"/>
  <system-out/>
</testsuite> <!-- test.TestCase1 -->
